<?xml version="1.0" encoding="UTF-8"?>
<!-- Generated by org.testng.reporters.JUnitReportReporter -->
<testsuite hostname="Sarvesh.local" failures="0" tests="7" name="com.jcg.spring.jdbctemplate.Rset1.GroupDependTest" time="0.066" errors="0" timestamp="2023-11-07T12:44:03 IST" skipped="0">
  <testcase classname="com.jcg.spring.jdbctemplate.Rset1.GroupDependTest" name="testanime" time="0.004"/>
  <system-out/>
  <testcase classname="com.jcg.spring.jdbctemplate.Rset1.GroupDependTest" name="animal3" time="0.001"/>
  <system-out>
    <![CDATA[animal3 Exec Succ]]>
  </system-out>
  <testcase classname="com.jcg.spring.jdbctemplate.Rset1.GroupDependTest" name="animal1" time="0.001"/>
  <system-out>
    <![CDATA[Animal Test SUcc]]>
  </system-out>
  <testcase classname="com.jcg.spring.jdbctemplate.Rset1.GroupDependTest" name="sapians" time="0.003"/>
  <system-out>
    <![CDATA[Sapiens Test Successfully tested]]>
  </system-out>
  <testcase classname="com.jcg.spring.jdbctemplate.Rset1.GroupDependTest" name="animal2" time="0.049"/>
  <system-out>
    <![CDATA[Animal2 Test Exec Successfully]]>
  </system-out>
  <testcase classname="com.jcg.spring.jdbctemplate.Rset1.GroupDependTest" name="animal4" time="0.003"/>
  <system-out>
    <![CDATA[Wild animal4 test Exec Succ]]>
  </system-out>
  <testcase classname="com.jcg.spring.jdbctemplate.Rset1.GroupDependTest" name="testanime" time="0.005"/>
  <system-out/>
</testsuite> <!-- com.jcg.spring.jdbctemplate.Rset1.GroupDependTest -->
