<?xml version="1.0" encoding="UTF-8"?>
<!-- Generated by org.testng.reporters.JUnitReportReporter -->
<testsuite hostname="Sarvesh.local" failures="0" tests="1" name="com.jcg.spring.jdbctemplate.HelloWorldTest" time="0.011" errors="0" timestamp="2023-09-29T16:44:06 IST" skipped="0">
  <testcase classname="com.jcg.spring.jdbctemplate.HelloWorldTest" name="testmsg" time="0.011"/>
  <system-out/>
</testsuite> <!-- com.jcg.spring.jdbctemplate.HelloWorldTest -->
