<?xml version="1.0" encoding="UTF-8"?>
<!-- Generated by org.testng.reporters.JUnitReportReporter -->
<testsuite hostname="Sarvesh.local" failures="0" tests="6" name="com.jcg.spring.jdbctemplate.TestCode" time="0.684" errors="0" timestamp="2023-09-26T17:20:39 IST" skipped="0">
  <testcase classname="com.jcg.spring.jdbctemplate.TestCode" name="TestDeleteRecords" time="0.012"/>
  <system-out/>
  <testcase classname="com.jcg.spring.jdbctemplate.TestCode" name="testisTableExist" time="0.039"/>
  <system-out/>
  <testcase classname="com.jcg.spring.jdbctemplate.TestCode" name="isTableCreated" time="0.594"/>
  <system-out/>
  <testcase classname="com.jcg.spring.jdbctemplate.TestCode" name="testDisplayData" time="0.035"/>
  <system-out/>
  <testcase classname="com.jcg.spring.jdbctemplate.TestCode" name="TestupdatedRecords" time="0.002"/>
  <system-out/>
  <testcase classname="com.jcg.spring.jdbctemplate.TestCode" name="TestisExists" time="0.002"/>
  <system-out/>
</testsuite> <!-- com.jcg.spring.jdbctemplate.TestCode -->
