<?xml version="1.0" encoding="UTF-8"?>
<!-- Generated by org.testng.reporters.JUnitReportReporter -->
<testsuite hostname="Sarvesh.local" failures="0" tests="1" name="com.jcg.spring.jdbctemplate.optionalParameter" time="0.017" errors="0" timestamp="2023-10-05T11:46:28 IST" skipped="0">
  <testcase classname="com.jcg.spring.jdbctemplate.optionalParameter" name="Sum" time="0.017"/>
  <system-out/>
</testsuite> <!-- com.jcg.spring.jdbctemplate.optionalParameter -->
