<?xml version="1.0" encoding="UTF-8"?>
<!-- Generated by org.testng.reporters.JUnitReportReporter -->
<testsuite hostname="Sarvesh.local" failures="0" tests="3" name="com.jcg.spring.jdbctemplate.SoftAssertionPogram" time="0.013" errors="0" timestamp="2023-10-04T16:40:27 IST" skipped="0">
  <testcase classname="com.jcg.spring.jdbctemplate.SoftAssertionPogram" name="check" time="0.009"/>
  <system-out/>
  <testcase classname="com.jcg.spring.jdbctemplate.SoftAssertionPogram" name="test" time="0.003"/>
  <system-out/>
  <testcase classname="com.jcg.spring.jdbctemplate.SoftAssertionPogram" name="test" time="0.001"/>
  <system-out/>
</testsuite> <!-- com.jcg.spring.jdbctemplate.SoftAssertionPogram -->
