<?xml version="1.0" encoding="UTF-8"?>
<!-- Generated by org.testng.reporters.JUnitReportReporter -->
<testsuite hostname="Sarvesh.local" failures="0" tests="2" name="com.jcg.spring.jdbctemplate.Rset1.InheritedDepen" time="0.007" errors="0" timestamp="2023-11-06T11:52:33 IST" skipped="0">
  <testcase classname="com.jcg.spring.jdbctemplate.Rset1.InheritedDepen" name="inheritedProp" time="0.004"/>
  <system-out/>
  <testcase classname="com.jcg.spring.jdbctemplate.Rset1.InheritedDepen" name="testHashCode" time="0.003"/>
  <system-out/>
</testsuite> <!-- com.jcg.spring.jdbctemplate.Rset1.InheritedDepen -->
