<?xml version="1.0" encoding="UTF-8"?>
<!-- Generated by org.testng.reporters.JUnitReportReporter -->
<testsuite hostname="Sarvesh.local" failures="0" tests="2" name="com.jcg.spring.jdbctemplate.SingleDependentTest" time="0.014" errors="0" timestamp="2023-09-29T11:14:18 IST" skipped="0">
  <testcase classname="com.jcg.spring.jdbctemplate.SingleDependentTest" name="SignIn" time="0.002"/>
  <system-out>
    <![CDATA[MethodDepen]]>
  </system-out>
  <testcase classname="com.jcg.spring.jdbctemplate.SingleDependentTest" name="OpenBrowser" time="0.012"/>
  <system-out/>
</testsuite> <!-- com.jcg.spring.jdbctemplate.SingleDependentTest -->
