<?xml version="1.0" encoding="UTF-8"?>
<!-- Generated by org.testng.reporters.JUnitReportReporter -->
<testsuite hostname="Sarvesh.local" failures="0" tests="3" name="com.jcg.spring.jdbctemplate.SkipTest" time="0.013" errors="0" timestamp="2023-10-16T14:52:37 IST" skipped="0">
  <testcase classname="com.jcg.spring.jdbctemplate.SkipTest" name="checkcondition" time="0.010"/>
  <system-out/>
  <testcase classname="com.jcg.spring.jdbctemplate.SkipTest" name="checkcondition" time="0.002"/>
  <system-out/>
  <testcase classname="com.jcg.spring.jdbctemplate.SkipTest" name="checkcondition" time="0.001"/>
  <system-out/>
</testsuite> <!-- com.jcg.spring.jdbctemplate.SkipTest -->
