<?xml version="1.0" encoding="UTF-8"?>
<!-- Generated by org.testng.reporters.JUnitReportReporter -->
<testsuite hostname="Sarvesh.local" failures="0" tests="3" name="com.jcg.spring.jdbctemplate.MultipleDependant" time="0.018" errors="0" timestamp="2023-10-03T11:33:59 IST" skipped="0">
  <testcase classname="com.jcg.spring.jdbctemplate.MultipleDependant" name="LogOut" time="0.002"/>
  <system-out>
    <![CDATA[log out test run succ Dependency - 2]]>
  </system-out>
  <testcase classname="com.jcg.spring.jdbctemplate.MultipleDependant" name="SignIn" time="0.001"/>
  <system-out>
    <![CDATA[Signin test run method]]>
  </system-out>
  <testcase classname="com.jcg.spring.jdbctemplate.MultipleDependant" name="OpenBrowser" time="0.015"/>
  <system-out>
    <![CDATA[OpenBrowser test Method run]]>
  </system-out>
</testsuite> <!-- com.jcg.spring.jdbctemplate.MultipleDependant -->
