<?xml version="1.0" encoding="UTF-8"?>
<!-- Generated by org.testng.reporters.JUnitReportReporter -->
<testsuite hostname="Sarvesh.local" failures="0" tests="1" name="com.jcg.spring.jdbctemplate.Rset1.SInMulDependent" time="0.022" errors="0" timestamp="2023-11-06T11:52:33 IST" skipped="0">
  <testcase classname="com.jcg.spring.jdbctemplate.Rset1.SInMulDependent" name="objectioncreation" time="0.022"/>
  <system-out>
    <![CDATA[Creation method ran]]>
  </system-out>
</testsuite> <!-- com.jcg.spring.jdbctemplate.Rset1.SInMulDependent -->
