<?xml version="1.0" encoding="UTF-8"?>
<!-- Generated by org.testng.reporters.JUnitReportReporter -->
<testsuite hostname="Sarvesh.local" failures="0" tests="5" name="com.jcg.spring.jdbctemplate.PriorityBasesTest" time="0.037" errors="0" timestamp="2023-11-06T10:06:30 IST" skipped="0">
  <testcase classname="com.jcg.spring.jdbctemplate.PriorityBasesTest" name="e_method" time="0.026"/>
  <system-out/>
  <testcase classname="com.jcg.spring.jdbctemplate.PriorityBasesTest" name="c_method" time="0.003"/>
  <system-out>
    <![CDATA[Priority Based Successfully run ]]>
  </system-out>
  <testcase classname="com.jcg.spring.jdbctemplate.PriorityBasesTest" name="d_method" time="0.002"/>
  <system-out/>
  <testcase classname="com.jcg.spring.jdbctemplate.PriorityBasesTest" name="a_method" time="0.004"/>
  <system-out/>
  <testcase classname="com.jcg.spring.jdbctemplate.PriorityBasesTest" name="b_method" time="0.002"/>
  <system-out/>
</testsuite> <!-- com.jcg.spring.jdbctemplate.PriorityBasesTest -->
