<?xml version="1.0" encoding="UTF-8"?>
<!-- Generated by org.testng.reporters.JUnitReportReporter -->
<testsuite hostname="Sarvesh.local" failures="0" tests="1" name="com.jcg.spring.jdbctemplate.Annotation" time="0.010" errors="0" timestamp="2023-09-28T15:18:14 IST" skipped="0">
  <testcase classname="com.jcg.spring.jdbctemplate.Annotation" name="testCase1" time="0.010"/>
  <system-out/>
</testsuite> <!-- com.jcg.spring.jdbctemplate.Annotation -->
