<?xml version="1.0" encoding="UTF-8"?>
<!-- Generated by org.testng.reporters.JUnitReportReporter -->
<testsuite hostname="Sarvesh.local" failures="0" tests="13" name="com.jcg.spring.jdbctemplate.SkipTest" time="0.023" errors="0" timestamp="2023-11-09T11:16:20 IST" skipped="1">
  <testcase classname="com.jcg.spring.jdbctemplate.SkipTest" name="divi" time="0.000"/>
  <system-out>
    <![CDATA[dataProvider used by  method is DP3]]>
  </system-out>
  <testcase classname="com.jcg.spring.jdbctemplate.SkipTest" name="divi" time="0.012"/>
  <system-out>
    <![CDATA[dataProvider used by  method is DP3]]>
  </system-out>
  <testcase classname="com.jcg.spring.jdbctemplate.SkipTest" name="divi" time="0.001"/>
  <system-out>
    <![CDATA[dataProvider used by  method is DP3]]>
  </system-out>
  <testcase classname="com.jcg.spring.jdbctemplate.SkipTest" name="check" time="0.002"/>
  <system-out/>
  <testcase classname="com.jcg.spring.jdbctemplate.SkipTest" name="Arrange" time="0.003"/>
  <system-out/>
  <testcase classname="com.jcg.spring.jdbctemplate.SkipTest" name="Arrange" time="0.000"/>
  <system-out/>
  <testcase classname="com.jcg.spring.jdbctemplate.SkipTest" name="check" time="0.000"/>
  <system-out/>
  <testcase classname="com.jcg.spring.jdbctemplate.SkipTest" name="sub" time="0.001"/>
  <system-out>
    <![CDATA[dataProvider used by sub method is DP1]]>
  </system-out>
  <testcase classname="com.jcg.spring.jdbctemplate.SkipTest" name="sub" time="0.001"/>
  <system-out>
    <![CDATA[dataProvider used by sub method is DP1]]>
  </system-out>
  <testcase classname="com.jcg.spring.jdbctemplate.SkipTest" name="mul" time="0.001"/>
  <system-out>
    <![CDATA[dataProvider used by mul method is DP2]]>
  </system-out>
  <testcase classname="com.jcg.spring.jdbctemplate.SkipTest" name="mul" time="0.001"/>
  <system-out>
    <![CDATA[dataProvider used by mul method is DP2]]>
  </system-out>
  <testcase classname="com.jcg.spring.jdbctemplate.SkipTest" name="mul" time="0.001"/>
  <system-out>
    <![CDATA[dataProvider used by mul method is DP2]]>
  </system-out>
  <testcase classname="com.jcg.spring.jdbctemplate.SkipTest" name="checkcondition">
    <skipped/>
  </testcase> <!-- checkcondition -->
  <system-out/>
</testsuite> <!-- com.jcg.spring.jdbctemplate.SkipTest -->
